mode: set
github.com/jbielick/boundaries.io/main.go:3.13,6.2 2 0
github.com/jbielick/boundaries.io/partition.go:20.58,23.16 3 1
github.com/jbielick/boundaries.io/partition.go:27.2,35.8 3 1
github.com/jbielick/boundaries.io/partition.go:23.16,25.3 1 0
github.com/jbielick/boundaries.io/partition.go:38.30,39.59 1 1
github.com/jbielick/boundaries.io/partition.go:59.2,59.72 1 1
github.com/jbielick/boundaries.io/partition.go:39.59,41.39 2 0
github.com/jbielick/boundaries.io/partition.go:45.3,49.68 4 0
github.com/jbielick/boundaries.io/partition.go:54.3,56.9 2 0
github.com/jbielick/boundaries.io/partition.go:41.39,43.4 1 0
github.com/jbielick/boundaries.io/partition.go:49.68,50.44 1 0
github.com/jbielick/boundaries.io/partition.go:50.44,52.5 1 0
github.com/jbielick/boundaries.io/partition.go:59.72,61.39 2 0
github.com/jbielick/boundaries.io/partition.go:65.3,66.17 2 0
github.com/jbielick/boundaries.io/partition.go:70.3,70.39 1 0
github.com/jbielick/boundaries.io/partition.go:61.39,63.4 1 0
github.com/jbielick/boundaries.io/partition.go:66.17,68.4 1 0
github.com/jbielick/boundaries.io/server.go:19.26,41.2 14 1
github.com/jbielick/boundaries.io/server.go:43.27,45.9 2 0
github.com/jbielick/boundaries.io/server.go:49.2,49.68 1 0
github.com/jbielick/boundaries.io/server.go:45.9,47.3 1 0
github.com/jbielick/boundaries.io/server.go:52.72,54.2 1 1
github.com/jbielick/boundaries.io/server.go:56.63,65.22 7 0
github.com/jbielick/boundaries.io/server.go:70.2,70.8 1 0
github.com/jbielick/boundaries.io/server.go:65.22,67.3 1 0
github.com/jbielick/boundaries.io/server.go:67.8,69.3 1 0
github.com/jbielick/boundaries.io/server.go:73.58,75.2 1 1
github.com/jbielick/boundaries.io/db.go:30.34,32.9 2 1
github.com/jbielick/boundaries.io/db.go:36.2,39.16 4 1
github.com/jbielick/boundaries.io/db.go:43.2,46.16 4 1
github.com/jbielick/boundaries.io/db.go:50.2,52.8 2 1
github.com/jbielick/boundaries.io/db.go:32.9,34.3 1 0
github.com/jbielick/boundaries.io/db.go:39.16,41.3 1 0
github.com/jbielick/boundaries.io/db.go:46.16,48.3 1 0
github.com/jbielick/boundaries.io/db.go:55.63,66.2 1 0
github.com/jbielick/boundaries.io/db.go:68.115,75.2 6 0
github.com/jbielick/boundaries.io/db.go:77.100,82.16 5 0
github.com/jbielick/boundaries.io/db.go:85.2,86.20 2 0
github.com/jbielick/boundaries.io/db.go:94.2,94.33 1 0
github.com/jbielick/boundaries.io/db.go:97.2,97.8 1 0
github.com/jbielick/boundaries.io/db.go:82.16,84.3 1 0
github.com/jbielick/boundaries.io/db.go:86.20,89.17 3 0
github.com/jbielick/boundaries.io/db.go:92.3,92.19 1 0
github.com/jbielick/boundaries.io/db.go:89.17,91.4 1 0
github.com/jbielick/boundaries.io/db.go:94.33,96.3 1 0
